  main.cpp
C:\Users\33649\source\repos\Dungeon Crawler\Dungeon Crawler\main.cpp(143,1): warning C4267: 'argument' : conversion de 'size_t' en 'int', perte possible de données
C:\Users\33649\source\repos\Dungeon Crawler\Dungeon Crawler\main.cpp(369,1): warning C4267: 'argument' : conversion de 'size_t' en 'int', perte possible de données
main.obj : error LNK2019: symbole externe non résolu "public: __cdecl sf::String::String(char const *,class std::locale const &)" (??0String@sf@@QEAA@PEBDAEBVlocale@std@@@Z) référencé dans la fonction main
main.obj : error LNK2019: symbole externe non résolu "public: __cdecl sf::VideoMode::VideoMode(unsigned int,unsigned int,unsigned int)" (??0VideoMode@sf@@QEAA@III@Z) référencé dans la fonction main
main.obj : error LNK2019: symbole externe non résolu "public: void __cdecl sf::Window::close(void)" (?close@Window@sf@@QEAAXXZ) référencé dans la fonction main
main.obj : error LNK2019: symbole externe non résolu "public: bool __cdecl sf::Window::isOpen(void)const " (?isOpen@Window@sf@@QEBA_NXZ) référencé dans la fonction main
main.obj : error LNK2019: symbole externe non résolu "public: bool __cdecl sf::Window::pollEvent(class sf::Event &)" (?pollEvent@Window@sf@@QEAA_NAEAVEvent@2@@Z) référencé dans la fonction main
main.obj : error LNK2019: symbole externe non résolu "public: void __cdecl sf::Window::display(void)" (?display@Window@sf@@QEAAXXZ) référencé dans la fonction main
main.obj : error LNK2019: symbole externe non résolu "public: __cdecl sf::Color::Color(unsigned char,unsigned char,unsigned char,unsigned char)" (??0Color@sf@@QEAA@EEEE@Z) référencé dans la fonction main
main.obj : error LNK2019: symbole externe non résolu "public: virtual __cdecl sf::Shape::~Shape(void)" (??1Shape@sf@@UEAA@XZ) référencé dans la fonction "public: virtual __cdecl sf::CircleShape::~CircleShape(void)" (??1CircleShape@sf@@UEAA@XZ)
main.obj : error LNK2019: symbole externe non résolu "public: void __cdecl sf::Shape::setFillColor(class sf::Color const &)" (?setFillColor@Shape@sf@@QEAAXAEBVColor@2@@Z) référencé dans la fonction main
main.obj : error LNK2019: symbole externe non résolu "public: __cdecl sf::CircleShape::CircleShape(float,unsigned __int64)" (??0CircleShape@sf@@QEAA@M_K@Z) référencé dans la fonction main
main.obj : error LNK2019: symbole externe non résolu "public: void __cdecl sf::RenderTarget::clear(class sf::Color const &)" (?clear@RenderTarget@sf@@QEAAXAEBVColor@2@@Z) référencé dans la fonction main
main.obj : error LNK2019: symbole externe non résolu "public: void __cdecl sf::RenderTarget::draw(class sf::Drawable const &,class sf::RenderStates const &)" (?draw@RenderTarget@sf@@QEAAXAEBVDrawable@2@AEBVRenderStates@2@@Z) référencé dans la fonction main
main.obj : error LNK2019: symbole externe non résolu "public: __cdecl sf::RenderWindow::RenderWindow(class sf::VideoMode,class sf::String const &,unsigned int,struct sf::ContextSettings const &)" (??0RenderWindow@sf@@QEAA@VVideoMode@1@AEBVString@1@IAEBUContextSettings@1@@Z) référencé dans la fonction main
main.obj : error LNK2019: symbole externe non résolu "public: virtual __cdecl sf::RenderWindow::~RenderWindow(void)" (??1RenderWindow@sf@@UEAA@XZ) référencé dans la fonction main
main.obj : error LNK2001: symbole externe non résolu "public: static class sf::RenderStates const sf::RenderStates::Default" (?Default@RenderStates@sf@@2V12@B)
main.obj : error LNK2001: symbole externe non résolu "public: static class sf::Color const sf::Color::Green" (?Green@Color@sf@@2V12@B)
C:\Program Files (x86)\SFML-2.5.1\lib\sfml-main-d.lib : warning LNK4272: type d'ordinateur bibliothèque 'x86' en conflit avec le type d'ordinateur cible 'x64'
C:\Program Files (x86)\SFML-2.5.1\lib\sfml-window-d.lib : warning LNK4272: type d'ordinateur bibliothèque 'x86' en conflit avec le type d'ordinateur cible 'x64'
C:\Program Files (x86)\SFML-2.5.1\lib\sfml-graphics-d.lib : warning LNK4272: type d'ordinateur bibliothèque 'x86' en conflit avec le type d'ordinateur cible 'x64'
C:\Program Files (x86)\SFML-2.5.1\lib\sfml-system-d.lib : warning LNK4272: type d'ordinateur bibliothèque 'x86' en conflit avec le type d'ordinateur cible 'x64'
C:\Program Files (x86)\SFML-2.5.1\lib\sfml-network-d.lib : warning LNK4272: type d'ordinateur bibliothèque 'x86' en conflit avec le type d'ordinateur cible 'x64'
C:\Program Files (x86)\SFML-2.5.1\lib\sfml-audio-d.lib : warning LNK4272: type d'ordinateur bibliothèque 'x86' en conflit avec le type d'ordinateur cible 'x64'
C:\Users\33649\source\repos\Dungeon Crawler\x64\Debug\Dungeon Crawler.exe : fatal error LNK1120: 16 externes non résolus
