  main.cpp
C:\Users\ocean\Desktop\Cours\one button project\git\Dungeon-Crawler\src\Dungeon Crawler\Enemy.h(32,29): warning C4244: 'return' : conversion de 'const T' en 'int', perte possible de données
          with
          [
              T=float
          ]
C:\Users\ocean\Desktop\Cours\one button project\git\Dungeon-Crawler\src\Dungeon Crawler\Enemy.h(35,29): warning C4244: 'return' : conversion de 'const T' en 'int', perte possible de données
          with
          [
              T=float
          ]
C:\Users\ocean\Desktop\Cours\one button project\git\Dungeon-Crawler\src\Dungeon Crawler\Ground.h(25,30): warning C4244: 'return' : conversion de 'const T' en 'int', perte possible de données
          with
          [
              T=float
          ]
C:\Users\ocean\Desktop\Cours\one button project\git\Dungeon-Crawler\src\Dungeon Crawler\Ground.h(28,30): warning C4244: 'return' : conversion de 'const T' en 'int', perte possible de données
          with
          [
              T=float
          ]
C:\Users\ocean\Desktop\Cours\one button project\git\Dungeon-Crawler\src\Dungeon Crawler\Player.h(38,30): warning C4244: 'return' : conversion de 'const T' en 'int', perte possible de données
          with
          [
              T=float
          ]
C:\Users\ocean\Desktop\Cours\one button project\git\Dungeon-Crawler\src\Dungeon Crawler\Player.h(41,30): warning C4244: 'return' : conversion de 'const T' en 'int', perte possible de données
          with
          [
              T=float
          ]
C:\Users\ocean\Desktop\Cours\one button project\git\Dungeon-Crawler\src\Dungeon Crawler\main.cpp(466,20): warning C4018: '<' : incompatibilité signed/unsigned
C:\Users\ocean\Desktop\Cours\one button project\git\Dungeon-Crawler\src\Dungeon Crawler\main.cpp(498,20): warning C4018: '<' : incompatibilité signed/unsigned
C:\Users\ocean\Desktop\Cours\one button project\git\Dungeon-Crawler\src\Dungeon Crawler\main.cpp(507,30): warning C4305: 'initialisation' : troncation de 'double' à 'float'
C:\Users\ocean\Desktop\Cours\one button project\git\Dungeon-Crawler\src\Dungeon Crawler\main.cpp(542,100): warning C4244: 'argument' : conversion de 'int' en 'T', perte possible de données
          with
          [
              T=float
          ]
C:\Users\ocean\Desktop\Cours\one button project\git\Dungeon-Crawler\src\Dungeon Crawler\main.cpp(542,85): warning C4244: 'argument' : conversion de 'int' en 'T', perte possible de données
          with
          [
              T=float
          ]
C:\Users\ocean\Desktop\Cours\one button project\git\Dungeon-Crawler\src\Dungeon Crawler\main.cpp(569,37): warning C4244: '=' : conversion de 'int' en 'T', perte possible de données
          with
          [
              T=float
          ]
C:\Users\ocean\Desktop\Cours\one button project\git\Dungeon-Crawler\src\Dungeon Crawler\main.cpp(574,37): warning C4244: '=' : conversion de 'int' en 'T', perte possible de données
          with
          [
              T=float
          ]
C:\Users\ocean\Desktop\Cours\one button project\git\Dungeon-Crawler\src\Dungeon Crawler\main.cpp(582,21): warning C4018: '<' : incompatibilité signed/unsigned
  QuadTree.cpp
C:\Users\ocean\Desktop\Cours\one button project\git\Dungeon-Crawler\src\Dungeon Crawler\Ground.h(25,30): warning C4244: 'return' : conversion de 'const T' en 'int', perte possible de données
          with
          [
              T=float
          ]
C:\Users\ocean\Desktop\Cours\one button project\git\Dungeon-Crawler\src\Dungeon Crawler\Ground.h(28,30): warning C4244: 'return' : conversion de 'const T' en 'int', perte possible de données
          with
          [
              T=float
          ]
  Génération de code en cours...
  Dungeon Crawler.vcxproj -> C:\Users\ocean\Desktop\Cours\one button project\git\Dungeon-Crawler\src\Debug\Dungeon Crawler.exe
